usage: acestreamengine
                       [--client-console | --client-wx | --client-gtk | --stream-source-node | --stream-support-node | --stream-startup-node | --control-node | --create-transport | --create-transport-multi | --create-hls-transport | --start-tracker | --get-infohash PATH | --get-file-info PATH | --get-file-info-with-id PATH | -v]
                       [--gui-wx | --gui-gtk] [--log-stdout | --log-stderr]
                       [--log-stdout-level LEVEL] [--log-stderr-level LEVEL]
                       [--log-file PATH] [--log-file-mode MODE]
                       [--log-max-size SIZE] [--log-backup-count COUNT]
                       [--log-file-buffer N]
                       [--log-file-encoding LOG_FILE_ENCODING]
                       [--log-syslog HOST] [--log-syslog-port PORT]
                       [--log-syslog-facility FACILITY]
                       [--log-syslog-buffer N] [--use-ffmpeg USE_FFMPEG]
                       [--download-limit DOWNLOAD_LIMIT]
                       [--upload-limit UPLOAD_LIMIT]
                       [--max-connections MAX_CONNECTIONS]
                       [--max-peers MAX_PEERS]
                       [--max-peers-limit MAX_PEERS_LIMIT]
                       [--max-timeshift-peers MAX_TIMESHIFT_PEERS]
                       [--max-upload-slots MAX_UPLOAD_SLOTS]
                       [--live-cache-type LIVE_CACHE_TYPE]
                       [--live-disk-cache-size LIVE_DISK_CACHE_SIZE]
                       [--live-mem-cache-size LIVE_MEM_CACHE_SIZE]
                       [--vod-cache-type VOD_CACHE_TYPE]
                       [--disk-cache-limit DISK_CACHE_LIMIT]
                       [--memory-cache-limit MEMORY_CACHE_LIMIT]
                       [--enable-profiler ENABLE_PROFILER]
acestreamengine: error: argument --client-wx: not allowed with argument --client-console
usage: acestreamengine
                       [--client-console | --client-wx | --client-gtk | --stream-source-node | --stream-support-node | --stream-startup-node | --control-node | --create-transport | --create-transport-multi | --create-hls-transport | --start-tracker | --get-infohash PATH | --get-file-info PATH | --get-file-info-with-id PATH | -v]
                       [--gui-wx | --gui-gtk] [--log-stdout | --log-stderr]
                       [--log-stdout-level LEVEL] [--log-stderr-level LEVEL]
                       [--log-file PATH] [--log-file-mode MODE]
                       [--log-max-size SIZE] [--log-backup-count COUNT]
                       [--log-file-buffer N]
                       [--log-file-encoding LOG_FILE_ENCODING]
                       [--log-syslog HOST] [--log-syslog-port PORT]
                       [--log-syslog-facility FACILITY]
                       [--log-syslog-buffer N] [--use-ffmpeg USE_FFMPEG]
                       [--download-limit DOWNLOAD_LIMIT]
                       [--upload-limit UPLOAD_LIMIT]
                       [--max-connections MAX_CONNECTIONS]
                       [--max-peers MAX_PEERS]
                       [--max-peers-limit MAX_PEERS_LIMIT]
                       [--max-timeshift-peers MAX_TIMESHIFT_PEERS]
                       [--max-upload-slots MAX_UPLOAD_SLOTS]
                       [--live-cache-type LIVE_CACHE_TYPE]
                       [--live-disk-cache-size LIVE_DISK_CACHE_SIZE]
                       [--live-mem-cache-size LIVE_MEM_CACHE_SIZE]
                       [--vod-cache-type VOD_CACHE_TYPE]
                       [--disk-cache-limit DISK_CACHE_LIMIT]
                       [--memory-cache-limit MEMORY_CACHE_LIMIT]
                       [--enable-profiler ENABLE_PROFILER]
acestreamengine: error: argument --client-wx: not allowed with argument --client-console
