[2024-07-15 16:28:55] [Path Check] Started
[2024-07-15 16:28:55] [Path Check] Good!
[2024-07-15 16:28:55] [First Run] Showing Save Data Settings
[2024-07-15 16:29:16] URL is not of a valid schema: http://
[2024-07-15 16:29:16] [Current Build Check] Build Installed: 
[2024-07-15 16:29:16] [Build Update Check] Next Check: 2019-01-01 00:00:00
[2024-07-15 16:29:16] [Auto Install Repo] Not Enabled
[2024-07-15 16:29:16] [Binary Detection] Eligible Binary Addons to Reinstall
[2024-07-15 16:29:16] [Auto Update Wizard] Started
[2024-07-15 16:29:16] URL is not of a valid schema: http://
[2024-07-15 16:29:16] [Auto Update Wizard] Url for wizard file not valid: http://
[2024-07-15 16:29:16] URL is not of a valid schema: http://
[2024-07-15 16:29:16] [Notifications] Notifications file at http:// not formatted correctly.
[2024-07-15 16:29:16] [Build Installed Check] Not Enabled
[2024-07-15 16:29:16] [Trakt Data] Not Enabled
[2024-07-15 16:29:16] [Debrid Data] Not Enabled
[2024-07-15 16:29:16] [Login Info] Not Enabled
[2024-07-15 16:29:16] [Auto Clean Up] Not Enabled
[2024-07-15 16:29:42] plugin://plugin.program.openwizard/: 
[2024-07-15 16:29:42] URL is not of a valid schema: http://
[2024-07-15 16:29:42] URL is not of a valid schema: http://
[2024-07-15 16:29:42] URL is not of a valid schema: http://
[2024-07-15 16:30:06] plugin://plugin.program.openwizard/: [ mode: savedata ] 
[2024-07-15 16:30:39] plugin://plugin.program.openwizard/: [ mode: login ] 
[2024-07-15 16:30:52] plugin://plugin.program.openwizard/: [ mode: login ] 
[2024-07-15 16:30:56] plugin://plugin.program.openwizard/: [ mode: savedata ] 
[2024-07-15 16:31:01] plugin://plugin.program.openwizard/: [ mode: managedata ] [ name: import ] 
[2024-07-15 16:31:07] plugin://plugin.program.openwizard/: [ mode: managedata ] [ name: export ] 
[2024-07-15 16:31:07] [Trakt Data] Exodus Redux(plugin.video.exodusredux) is not installed
[2024-07-15 16:31:07] [Trakt Data] Fen(plugin.video.fen) is not installed
[2024-07-15 16:31:07] [Trakt Data] Gaia(plugin.video.gaia) is not installed
[2024-07-15 16:31:07] [Trakt Data] NuMb3r5(plugin.video.numbersbynumbers) is not installed
[2024-07-15 16:31:07] [Trakt Data] OpenMeta(plugin.video.openmeta) is not installed
[2024-07-15 16:31:07] [Trakt Data] Premiumizer(plugin.video.premiumizer) is not installed
[2024-07-15 16:31:07] [Trakt Data] Realizer(plugin.video.realizer) is not installed
[2024-07-15 16:31:07] [Trakt Data] Scrubs v2(plugin.video.scrubsv2) is not installed
[2024-07-15 16:31:07] [Trakt Data] Seren(plugin.video.seren) is not installed
[2024-07-15 16:31:07] [Trakt Data] Shadow(plugin.video.shadow) is not installed
[2024-07-15 16:31:07] Trakt Data Not Registered for THE CREW
[2024-07-15 16:31:07] [Trakt Data] Trakt(script.trakt) is not installed
[2024-07-15 16:31:07] [Trakt Data] Venom(plugin.video.venom) is not installed
[2024-07-15 16:31:07] [Login Info] EasyNews - Fen(plugin.video.fen) is not installed
[2024-07-15 16:31:07] [Login Info] Fanart.tv - Exodus Redux(plugin.video.exodusredux) is not installed
[2024-07-15 16:31:07] [Login Info] Fanart.tv - Gaia(plugin.video.gaia) is not installed
[2024-07-15 16:31:07] [Login Info] Fanart.tv - NuMb3r5(plugin.video.numbersbynumbers) is not installed
[2024-07-15 16:31:07] [Login Info] Fanart.tv - script.module.metadatautils(script.module.metadatautils) is not installed
[2024-07-15 16:31:07] [Login Info] Fanart.tv - Premiumizer(plugin.video.premiumizer) is not installed
[2024-07-15 16:31:07] [Login Info] Fanart.tv - Realizer(plugin.video.realizer) is not installed
[2024-07-15 16:31:07] [Login Info] Fanart.tv - Scrubs v2(plugin.video.scrubsv2) is not installed
[2024-07-15 16:31:07] [Login Info] Fanart.tv - Seren(plugin.video.seren) is not installed
[2024-07-15 16:31:07] Login Data Not Registered for Fanart.tv - THE CREW
[2024-07-15 16:31:07] [Login Info] Fanart.tv - TheMovieDb Helper(plugin.video.themoviedb.helper) is not installed
[2024-07-15 16:31:07] [Login Info] Fanart.tv - Venom(plugin.video.venom) is not installed
[2024-07-15 16:31:07] [Login Info] Furk - Fen(plugin.video.fen) is not installed
[2024-07-15 16:31:07] [Login Info] IMDb - Exodus Redux(plugin.video.exodusredux) is not installed
[2024-07-15 16:31:07] [Login Info] IMDb - Gaia(plugin.video.gaia) is not installed
[2024-07-15 16:31:07] [Login Info] IMDb - NuMb3r5(plugin.video.numbersbynumbers) is not installed
[2024-07-15 16:31:07] [Login Info] IMDb - Premiumizer(plugin.video.premiumizer) is not installed
[2024-07-15 16:31:07] [Login Info] IMDb - Realizer(plugin.video.realizer) is not installed
[2024-07-15 16:31:07] [Login Info] IMDb - Scrubs v2(plugin.video.scrubsv2) is not installed
[2024-07-15 16:31:07] Login Data Not Registered for IMDb - THE CREW
[2024-07-15 16:31:07] [Login Info] IMDb - Venom(plugin.video.venom) is not installed
[2024-07-15 16:31:07] [Login Info] Kitsu - WonderfulSubs(plugin.video.wonderfulsubs) is not installed
[2024-07-15 16:31:07] [Login Info] Internet Archive - IAGL(plugin.program.iagl) is not installed
[2024-07-15 16:31:07] [Login Info] Netflix(plugin.video.netflix) is not installed
[2024-07-15 16:31:07] [Login Info] MyAnimeList - WonderfulSubs(plugin.video.wonderfulsubs) is not installed
[2024-07-15 16:31:07] [Login Info] OMDb - script.module.metadatautils(script.module.metadatautils) is not installed
[2024-07-15 16:31:07] [Login Info] OMDb - metahandler(script.module.metahandler) is not installed
[2024-07-15 16:31:07] [Login Info] OMDb - TheMovieDb Helper(plugin.video.themoviedb.helper) is not installed
[2024-07-15 16:31:07] [Login Info] OpenSubtitles.org(service.subtitles.opensubtitles) is not installed
[2024-07-15 16:31:07] [Login Info] OpenSubtitles.org by OpenSubtitles(service.subtitles.opensubtitles_by_opensubtitles) is not installed
[2024-07-15 16:31:07] [Login Info] Orion(script.module.orion) is not installed
[2024-07-15 16:31:07] [Login Info] TMDb Login - ExtendedInfo Script(script.extendedinfo) is not installed
[2024-07-15 16:31:07] [Login Info] TMDb - Gaia(plugin.video.gaia) is not installed
[2024-07-15 16:31:07] [Login Info] TMDb - Exodus Redux(plugin.video.exodusredux) is not installed
[2024-07-15 16:31:07] [Login Info] TMDb - Fen(plugin.video.fen) is not installed
[2024-07-15 16:31:07] [Login Info] TMDb - script.module.metadatautils(script.module.metadatautils) is not installed
[2024-07-15 16:31:07] [Login Info] TMDb - NuMb3r5(plugin.video.numbersbynumbers) is not installed
[2024-07-15 16:31:07] [Login Info] TMDb - OpenInfo(script.extendedinfo) is not installed
[2024-07-15 16:31:07] [Login Info] TMDb - OpenMeta(plugin.video.openmeta) is not installed
[2024-07-15 16:31:07] [Login Info] TMDb - Premiumizer(plugin.video.premiumizer) is not installed
[2024-07-15 16:31:07] [Login Info] TMDb - Realizer(plugin.video.realizer) is not installed
[2024-07-15 16:31:07] [Login Info] TMDb - Scrubs v2(plugin.video.scrubsv2) is not installed
[2024-07-15 16:31:07] [Login Info] TMDb - Seren(plugin.video.seren) is not installed
[2024-07-15 16:31:07] Login Data Saved for TMDb - THE CREW
[2024-07-15 16:31:07] [Login Info] TMDb - TheMovieDb Helper(plugin.video.themoviedb.helper) is not installed
[2024-07-15 16:31:07] [Login Info] TMDb - Venom(plugin.video.venom) is not installed
[2024-07-15 16:31:07] [Login Info] Trakt - OpenMeta(plugin.video.openmeta) is not installed
[2024-07-15 16:31:07] [Login Info] Trakt - Seren(plugin.video.seren) is not installed
[2024-07-15 16:31:07] [Login Info] TVDB - metahandler(script.module.metahandler) is not installed
[2024-07-15 16:31:07] [Login Info] TVDB - OpenMeta(plugin.video.openmeta) is not installed
[2024-07-15 16:31:07] [Login Info] TVDB - Premiumizer(plugin.video.premiumizer) is not installed
[2024-07-15 16:31:07] [Login Info] TVDB - Realizer(plugin.video.realizer) is not installed
[2024-07-15 16:31:07] [Login Info] TVDB - Seren(plugin.video.seren) is not installed
[2024-07-15 16:31:07] [Login Info] Yahoo! Weather(weather.yahoo) is not installed
[2024-07-15 16:31:07] Login Data Not Registered for Personal API - YouTube
[2024-07-15 16:31:07] [Login Info] WonderfulSubs - WonderfulSubs(plugin.video.wonderfulsubs) is not installed
[2024-07-15 16:31:07] [Debrid Info] Fen AD(plugin.video.fen) is not installed
[2024-07-15 16:31:07] [Debrid Info] Fen PM(plugin.video.fen) is not installed
[2024-07-15 16:31:07] [Debrid Info] Fen RD(plugin.video.fen) is not installed
[2024-07-15 16:31:07] [Debrid Info] Gaia AD(plugin.video.gaia) is not installed
[2024-07-15 16:31:07] [Debrid Info] Gaia RD(plugin.video.gaia) is not installed
[2024-07-15 16:31:07] [Debrid Info] Gaia PM(plugin.video.gaia) is not installed
[2024-07-15 16:31:07] [Debrid Info] Premiumizer(plugin.video.premiumizer) is not installed
[2024-07-15 16:31:07] [Debrid Info] Seren AD(plugin.video.seren) is not installed
[2024-07-15 16:31:07] [Debrid Info] Seren PM (API Key)(plugin.video.seren) is not installed
[2024-07-15 16:31:07] [Debrid Info] Seren PM (OAuth)(plugin.video.seren) is not installed
[2024-07-15 16:31:07] [Debrid Info] Seren RD(plugin.video.seren) is not installed
[2024-07-15 16:31:07] [Debrid Info] Shadow AD(plugin.video.shadow) is not installed
[2024-07-15 16:31:07] [Debrid Info] Shadow PM(plugin.video.shadow) is not installed
[2024-07-15 16:31:07] [Debrid Info] Shadow RD(plugin.video.shadow) is not installed
[2024-07-15 16:31:07] Debrid Info Not Registered for ResolveURL AD
[2024-07-15 16:31:07] Debrid Info Not Registered for ResolveURL PM
[2024-07-15 16:31:07] Debrid Info Not Registered for ResolveURL RD
[2024-07-15 16:31:07] [Debrid Info] URLResolver AD(script.module.urlresolver) is not installed
[2024-07-15 16:31:07] [Debrid Info] URLResolver PM(script.module.urlresolver) is not installed
[2024-07-15 16:31:07] [Debrid Info] URLResolver RD(script.module.urlresolver) is not installed
[2024-07-15 16:31:07] plugin://plugin.program.openwizard/: [ mode: savedata ] 
[2024-07-15 17:54:47] plugin://plugin.program.openwizard/: 
[2024-07-15 17:54:47] URL is not of a valid schema: http://
[2024-07-15 17:54:47] URL is not of a valid schema: http://
[2024-07-15 17:54:47] URL is not of a valid schema: http://
[2024-07-15 17:54:49] plugin://plugin.program.openwizard/: [ mode: maint ] 
[2024-07-15 17:54:59] plugin://plugin.program.openwizard/: [ mode: maint ] [ name: backup ] 
[2024-07-15 17:55:05] plugin://plugin.program.openwizard/: [ mode: clearbackup ] 
[2024-07-15 17:55:05] []
[2024-07-15 17:55:17] plugin://plugin.program.openwizard/: [ mode: backup ] [ action: build ] 
[2024-07-15 17:56:09] [Convert Paths to Special] Complete
[2024-07-15 17:56:09] Checking inputstream.adaptive for platform-dependence...
[2024-07-15 17:56:09] Checking C:\Users\Fatal\AppData\Roaming\Kodi\addons\inputstream.adaptive\addon.xml
[2024-07-15 17:56:09] Checking metadata.album.universal for platform-dependence...
[2024-07-15 17:56:09] Checking metadata.artists.universal for platform-dependence...
[2024-07-15 17:56:09] Checking metadata.common.fanart.tv for platform-dependence...
[2024-07-15 17:56:09] Checking metadata.generic.albums for platform-dependence...
[2024-07-15 17:56:09] Checking C:\Users\Fatal\AppData\Roaming\Kodi\addons\metadata.generic.albums\addon.xml
[2024-07-15 17:56:09] Checking metadata.themoviedb.org.python for platform-dependence...
[2024-07-15 17:56:09] Checking C:\Users\Fatal\AppData\Roaming\Kodi\addons\metadata.themoviedb.org.python\addon.xml
[2024-07-15 17:56:09] Checking metadata.tvshows.themoviedb.org.python for platform-dependence...
[2024-07-15 17:56:09] Checking C:\Users\Fatal\AppData\Roaming\Kodi\addons\metadata.tvshows.themoviedb.org.python\addon.xml
[2024-07-15 17:56:09] Checking plugin.program.openwizard for platform-dependence...
[2024-07-15 17:56:09] Checking plugin.video.alfa for platform-dependence...
[2024-07-15 17:56:09] Checking C:\Users\Fatal\AppData\Roaming\Kodi\addons\plugin.video.alfa\addon.xml
[2024-07-15 17:56:09] Checking plugin.video.daddylive for platform-dependence...
[2024-07-15 17:56:09] Checking C:\Users\Fatal\AppData\Roaming\Kodi\addons\plugin.video.daddylive\addon.xml
[2024-07-15 17:56:09] Checking plugin.video.thecrew for platform-dependence...
[2024-07-15 17:56:09] Checking C:\Users\Fatal\AppData\Roaming\Kodi\addons\plugin.video.thecrew\addon.xml
[2024-07-15 17:56:09] Checking plugin.video.youtube for platform-dependence...
[2024-07-15 17:56:09] Checking C:\Users\Fatal\AppData\Roaming\Kodi\addons\plugin.video.youtube\addon.xml
[2024-07-15 17:56:09] Checking repository.alfa-addon for platform-dependence...
[2024-07-15 17:56:09] Checking C:\Users\Fatal\AppData\Roaming\Kodi\addons\repository.alfa-addon\addon.xml
[2024-07-15 17:56:09] Checking repository.dontpanic for platform-dependence...
[2024-07-15 17:56:09] Checking C:\Users\Fatal\AppData\Roaming\Kodi\addons\repository.dontpanic\addon.xml
[2024-07-15 17:56:09] Checking repository.github for platform-dependence...
[2024-07-15 17:56:09] Checking C:\Users\Fatal\AppData\Roaming\Kodi\addons\repository.github\addon.xml
[2024-07-15 17:56:09] Checking repository.openwizard for platform-dependence...
[2024-07-15 17:56:09] Checking repository.stva for platform-dependence...
[2024-07-15 17:56:09] Checking C:\Users\Fatal\AppData\Roaming\Kodi\addons\repository.stva\addon.xml
[2024-07-15 17:56:09] Checking repository.thecrew for platform-dependence...
[2024-07-15 17:56:09] Checking C:\Users\Fatal\AppData\Roaming\Kodi\addons\repository.thecrew\addon.xml
[2024-07-15 17:56:09] Checking resource.language.es_es for platform-dependence...
[2024-07-15 17:56:09] Checking C:\Users\Fatal\AppData\Roaming\Kodi\addons\resource.language.es_es\addon.xml
[2024-07-15 17:56:09] Checking resource.uisounds.amber for platform-dependence...
[2024-07-15 17:56:09] Checking C:\Users\Fatal\AppData\Roaming\Kodi\addons\resource.uisounds.amber\addon.xml
[2024-07-15 17:56:09] Checking script.favourites for platform-dependence...
[2024-07-15 17:56:09] Checking C:\Users\Fatal\AppData\Roaming\Kodi\addons\script.favourites\addon.xml
[2024-07-15 17:56:09] Checking script.module.addon.signals for platform-dependence...
[2024-07-15 17:56:09] Checking C:\Users\Fatal\AppData\Roaming\Kodi\addons\script.module.addon.signals\addon.xml
[2024-07-15 17:56:09] Checking script.module.backports.zoneinfo for platform-dependence...
[2024-07-15 17:56:09] Checking C:\Users\Fatal\AppData\Roaming\Kodi\addons\script.module.backports.zoneinfo\addon.xml
[2024-07-15 17:56:09] Checking script.module.beautifulsoup4 for platform-dependence...
[2024-07-15 17:56:09] Checking C:\Users\Fatal\AppData\Roaming\Kodi\addons\script.module.beautifulsoup4\addon.xml
[2024-07-15 17:56:09] Checking script.module.brotlipython for platform-dependence...
[2024-07-15 17:56:09] Checking C:\Users\Fatal\AppData\Roaming\Kodi\addons\script.module.brotlipython\addon.xml
[2024-07-15 17:56:09] Checking script.module.certifi for platform-dependence...
[2024-07-15 17:56:09] Checking C:\Users\Fatal\AppData\Roaming\Kodi\addons\script.module.certifi\addon.xml
[2024-07-15 17:56:09] Checking script.module.chardet for platform-dependence...
[2024-07-15 17:56:09] Checking C:\Users\Fatal\AppData\Roaming\Kodi\addons\script.module.chardet\addon.xml
[2024-07-15 17:56:09] Checking script.module.horus for platform-dependence...
[2024-07-15 17:56:09] Checking C:\Users\Fatal\AppData\Roaming\Kodi\addons\script.module.horus\addon.xml
[2024-07-15 17:56:09] Checking script.module.html5lib for platform-dependence...
[2024-07-15 17:56:09] Checking C:\Users\Fatal\AppData\Roaming\Kodi\addons\script.module.html5lib\addon.xml
[2024-07-15 17:56:09] Checking script.module.idna for platform-dependence...
[2024-07-15 17:56:09] Checking C:\Users\Fatal\AppData\Roaming\Kodi\addons\script.module.idna\addon.xml
[2024-07-15 17:56:09] Checking script.module.inputstreamhelper for platform-dependence...
[2024-07-15 17:56:09] Checking C:\Users\Fatal\AppData\Roaming\Kodi\addons\script.module.inputstreamhelper\addon.xml
[2024-07-15 17:56:09] Checking script.module.js2py for platform-dependence...
[2024-07-15 17:56:09] Checking C:\Users\Fatal\AppData\Roaming\Kodi\addons\script.module.js2py\addon.xml
[2024-07-15 17:56:09] Checking script.module.kodi-six for platform-dependence...
[2024-07-15 17:56:09] Checking C:\Users\Fatal\AppData\Roaming\Kodi\addons\script.module.kodi-six\addon.xml
[2024-07-15 17:56:09] Checking script.module.pyaes for platform-dependence...
[2024-07-15 17:56:09] Checking C:\Users\Fatal\AppData\Roaming\Kodi\addons\script.module.pyaes\addon.xml
[2024-07-15 17:56:09] Checking script.module.pyjsparser for platform-dependence...
[2024-07-15 17:56:09] Checking C:\Users\Fatal\AppData\Roaming\Kodi\addons\script.module.pyjsparser\addon.xml
[2024-07-15 17:56:09] Checking script.module.requests-toolbelt for platform-dependence...
[2024-07-15 17:56:09] Checking C:\Users\Fatal\AppData\Roaming\Kodi\addons\script.module.requests-toolbelt\addon.xml
[2024-07-15 17:56:09] Checking script.module.requests for platform-dependence...
[2024-07-15 17:56:09] Checking C:\Users\Fatal\AppData\Roaming\Kodi\addons\script.module.requests\addon.xml
[2024-07-15 17:56:09] Checking script.module.resolveurl for platform-dependence...
[2024-07-15 17:56:09] Checking C:\Users\Fatal\AppData\Roaming\Kodi\addons\script.module.resolveurl\addon.xml
[2024-07-15 17:56:09] Checking script.module.rijndael for platform-dependence...
[2024-07-15 17:56:09] Checking C:\Users\Fatal\AppData\Roaming\Kodi\addons\script.module.rijndael\addon.xml
[2024-07-15 17:56:09] Checking script.module.simpleeval for platform-dependence...
[2024-07-15 17:56:09] Checking C:\Users\Fatal\AppData\Roaming\Kodi\addons\script.module.simpleeval\addon.xml
[2024-07-15 17:56:09] Checking script.module.simplejson for platform-dependence...
[2024-07-15 17:56:09] Checking C:\Users\Fatal\AppData\Roaming\Kodi\addons\script.module.simplejson\addon.xml
[2024-07-15 17:56:09] Checking script.module.six for platform-dependence...
[2024-07-15 17:56:09] Checking C:\Users\Fatal\AppData\Roaming\Kodi\addons\script.module.six\addon.xml
[2024-07-15 17:56:09] Checking script.module.soupsieve for platform-dependence...
[2024-07-15 17:56:09] Checking C:\Users\Fatal\AppData\Roaming\Kodi\addons\script.module.soupsieve\addon.xml
[2024-07-15 17:56:09] Checking script.module.thecrew for platform-dependence...
[2024-07-15 17:56:09] Checking C:\Users\Fatal\AppData\Roaming\Kodi\addons\script.module.thecrew\addon.xml
[2024-07-15 17:56:09] Checking script.module.tzdata for platform-dependence...
[2024-07-15 17:56:09] Checking C:\Users\Fatal\AppData\Roaming\Kodi\addons\script.module.tzdata\addon.xml
[2024-07-15 17:56:09] Checking script.module.tzlocal for platform-dependence...
[2024-07-15 17:56:09] Checking C:\Users\Fatal\AppData\Roaming\Kodi\addons\script.module.tzlocal\addon.xml
[2024-07-15 17:56:09] Checking script.module.unidecode for platform-dependence...
[2024-07-15 17:56:09] Checking C:\Users\Fatal\AppData\Roaming\Kodi\addons\script.module.unidecode\addon.xml
[2024-07-15 17:56:09] Checking script.module.urllib3 for platform-dependence...
[2024-07-15 17:56:09] Checking C:\Users\Fatal\AppData\Roaming\Kodi\addons\script.module.urllib3\addon.xml
[2024-07-15 17:56:09] Checking script.module.webencodings for platform-dependence...
[2024-07-15 17:56:09] Checking C:\Users\Fatal\AppData\Roaming\Kodi\addons\script.module.webencodings\addon.xml
[2024-07-15 17:56:09] Checking script.module.youtube.dl for platform-dependence...
[2024-07-15 17:56:09] Checking C:\Users\Fatal\AppData\Roaming\Kodi\addons\script.module.youtube.dl\addon.xml
[2024-07-15 17:56:09] Checking script.skin.helper.colorpicker for platform-dependence...
[2024-07-15 17:56:09] Checking C:\Users\Fatal\AppData\Roaming\Kodi\addons\script.skin.helper.colorpicker\addon.xml
[2024-07-15 17:56:09] Checking script.skinshortcuts for platform-dependence...
[2024-07-15 17:56:09] Checking C:\Users\Fatal\AppData\Roaming\Kodi\addons\script.skinshortcuts\addon.xml
[2024-07-15 17:56:09] Checking script.thecrew.artwork for platform-dependence...
[2024-07-15 17:56:09] Checking C:\Users\Fatal\AppData\Roaming\Kodi\addons\script.thecrew.artwork\addon.xml
[2024-07-15 17:56:09] Checking service.xbmc.versioncheck for platform-dependence...
[2024-07-15 17:56:09] Checking skin.amber for platform-dependence...
[2024-07-15 17:56:09] Checking C:\Users\Fatal\AppData\Roaming\Kodi\addons\skin.amber\addon.xml
[2024-07-15 17:56:09] Checking temp for platform-dependence...
[2024-07-15 17:56:09] [Back Up] Type = build: Ignore kodi.log - Log File
[2024-07-15 17:56:09] [Back Up] Type = build: Ignore addon.xml - Binary Add-on
[2024-07-15 17:56:09] [Back Up] Type = build: Ignore changelog.txt - Binary Add-on
[2024-07-15 17:56:09] [Back Up] Type = build: Ignore fanart.jpg - Binary Add-on
[2024-07-15 17:56:09] [Back Up] Type = build: Ignore icon.png - Binary Add-on
[2024-07-15 17:56:09] [Back Up] Type = build: Ignore inputstream.adaptive.dll - Binary Add-on
[2024-07-15 17:56:09] [Back Up] Type = build: Ignore settings.xml - Binary Add-on
[2024-07-15 17:56:09] [Back Up] Type = build: Ignore strings.po - Binary Add-on
[2024-07-15 17:56:09] [Back Up] Type = build: Ignore strings.po - Binary Add-on
[2024-07-15 17:56:09] [Back Up] Type = build: Ignore strings.po - Binary Add-on
[2024-07-15 17:56:09] [Back Up] Type = build: Ignore strings.po - Binary Add-on
[2024-07-15 17:56:09] [Back Up] Type = build: Ignore strings.po - Binary Add-on
[2024-07-15 17:56:09] [Back Up] Type = build: Ignore strings.po - Binary Add-on
[2024-07-15 17:56:09] [Back Up] Type = build: Ignore strings.po - Binary Add-on
[2024-07-15 17:56:09] [Back Up] Type = build: Ignore strings.po - Binary Add-on
[2024-07-15 17:56:09] [Back Up] Type = build: Ignore strings.po - Binary Add-on
[2024-07-15 17:56:09] [Back Up] Type = build: Ignore strings.po - Binary Add-on
[2024-07-15 17:56:09] [Back Up] Type = build: Ignore strings.po - Binary Add-on
[2024-07-15 17:56:09] [Back Up] Type = build: Ignore strings.po - Binary Add-on
[2024-07-15 17:56:09] [Back Up] Type = build: Ignore strings.po - Binary Add-on
[2024-07-15 17:56:09] [Back Up] Type = build: Ignore strings.po - Binary Add-on
[2024-07-15 17:56:09] [Back Up] Type = build: Ignore strings.po - Binary Add-on
[2024-07-15 17:56:09] [Back Up] Type = build: Ignore strings.po - Binary Add-on
[2024-07-15 17:56:09] [Back Up] Type = build: Ignore strings.po - Binary Add-on
[2024-07-15 17:56:09] [Back Up] Type = build: Ignore strings.po - Binary Add-on
[2024-07-15 17:56:09] [Back Up] Type = build: Ignore strings.po - Binary Add-on
[2024-07-15 17:56:09] [Back Up] Type = build: Ignore strings.po - Binary Add-on
[2024-07-15 17:56:09] [Back Up] Type = build: Ignore strings.po - Binary Add-on
[2024-07-15 17:56:09] [Back Up] Type = build: Ignore strings.po - Binary Add-on
[2024-07-15 17:56:09] [Back Up] Type = build: Ignore strings.po - Binary Add-on
[2024-07-15 17:56:09] [Back Up] Type = build: Ignore strings.po - Binary Add-on
[2024-07-15 17:56:09] [Back Up] Type = build: Ignore strings.po - Binary Add-on
[2024-07-15 17:56:09] [Back Up] Type = build: Ignore strings.po - Binary Add-on
[2024-07-15 17:56:09] [Back Up] Type = build: Ignore strings.po - Binary Add-on
[2024-07-15 17:56:09] [Back Up] Type = build: Ignore strings.po - Binary Add-on
[2024-07-15 17:56:09] [Back Up] Type = build: Ignore strings.po - Binary Add-on
[2024-07-15 17:56:09] [Back Up] Type = build: Ignore strings.po - Binary Add-on
[2024-07-15 17:56:09] [Back Up] Type = build: Ignore strings.po - Binary Add-on
[2024-07-15 17:56:09] [Back Up] Type = build: Ignore strings.po - Binary Add-on
[2024-07-15 17:56:09] [Back Up] Type = build: Ignore strings.po - Binary Add-on
[2024-07-15 17:56:09] [Back Up] Type = build: Ignore strings.po - Binary Add-on
[2024-07-15 17:56:09] [Back Up] Type = build: Ignore strings.po - Binary Add-on
[2024-07-15 17:56:09] [Back Up] Type = build: Ignore strings.po - Binary Add-on
[2024-07-15 17:56:09] [Back Up] Type = build: Ignore strings.po - Binary Add-on
[2024-07-15 17:56:09] [Back Up] Type = build: Ignore strings.po - Binary Add-on
[2024-07-15 17:56:09] [Back Up] Type = build: Ignore strings.po - Binary Add-on
[2024-07-15 17:56:09] [Back Up] Type = build: Ignore strings.po - Binary Add-on
[2024-07-15 17:56:09] [Back Up] Type = build: Ignore strings.po - Binary Add-on
[2024-07-15 17:56:09] [Back Up] Type = build: Ignore strings.po - Binary Add-on
[2024-07-15 17:56:09] [Back Up] Type = build: Ignore strings.po - Binary Add-on
[2024-07-15 17:56:09] [Back Up] Type = build: Ignore strings.po - Binary Add-on
[2024-07-15 17:56:09] [Back Up] Type = build: Ignore strings.po - Binary Add-on
[2024-07-15 17:56:09] [Back Up] Type = build: Ignore strings.po - Binary Add-on
[2024-07-15 17:56:09] [Back Up] Type = build: Ignore strings.po - Binary Add-on
[2024-07-15 17:56:09] [Back Up] Type = build: Ignore strings.po - Binary Add-on
[2024-07-15 17:56:09] [Back Up] Type = build: Ignore strings.po - Binary Add-on
[2024-07-15 17:56:09] [Back Up] Type = build: Ignore strings.po - Binary Add-on
[2024-07-15 17:56:09] [Back Up] Type = build: Ignore strings.po - Binary Add-on
[2024-07-15 17:56:09] [Back Up] Type = build: Ignore strings.po - Binary Add-on
[2024-07-15 17:56:09] [Back Up] Type = build: Ignore strings.po - Binary Add-on
[2024-07-15 17:56:09] [Back Up] Type = build: Ignore strings.po - Binary Add-on
[2024-07-15 17:56:09] [Back Up] Type = build: Ignore strings.po - Binary Add-on
[2024-07-15 17:56:09] [Back Up] Type = build: Ignore strings.po - Binary Add-on
[2024-07-15 17:56:09] [Back Up] Type = build: Ignore strings.po - Binary Add-on
[2024-07-15 17:56:09] [Back Up] Type = build: Ignore strings.po - Binary Add-on
[2024-07-15 17:56:09] [Back Up] Type = build: Ignore strings.po - Binary Add-on
[2024-07-15 17:56:09] [Back Up] Type = build: Ignore strings.po - Binary Add-on
[2024-07-15 17:56:09] [Back Up] Type = build: Ignore strings.po - Binary Add-on
[2024-07-15 17:56:09] [Back Up] Type = build: Ignore strings.po - Binary Add-on
[2024-07-15 17:56:09] [Back Up] Type = build: Ignore strings.po - Binary Add-on
[2024-07-15 17:56:09] [Back Up] Type = build: Ignore strings.po - Binary Add-on
[2024-07-15 17:56:09] [Back Up] Type = build: Ignore strings.po - Binary Add-on
[2024-07-15 17:56:09] [Back Up] Type = build: Ignore strings.po - Binary Add-on
[2024-07-15 17:56:09] [Back Up] Type = build: Ignore strings.po - Binary Add-on
[2024-07-15 17:56:09] [Back Up] Type = build: Ignore strings.po - Binary Add-on
[2024-07-15 17:56:09] [Back Up] Type = build: Ignore strings.po - Binary Add-on
[2024-07-15 17:56:09] [Back Up] Type = build: Ignore strings.po - Binary Add-on
[2024-07-15 17:56:09] [Back Up] Type = build: Ignore strings.po - Binary Add-on
[2024-07-15 17:56:09] [Back Up] Type = build: Ignore strings.po - Binary Add-on
[2024-07-15 17:56:09] [Back Up] Type = build: Ignore strings.po - Binary Add-on
[2024-07-15 17:56:09] [Back Up] Type = build: Ignore strings.po - Binary Add-on
[2024-07-15 18:45:08] plugin://plugin.program.openwizard/: [ mode: clearbackup ] 
[2024-07-15 18:45:08] ['C:\\Users\\Fatal\\AppData\\Roaming\\Kodi\\My_Builds\\Fatal-Build.zip', 'C:\\Users\\Fatal\\AppData\\Roaming\\Kodi\\My_Builds\\Fatal-Build_guisettings.zip']
[2024-07-15 18:45:13] C:\Users\Fatal\AppData\Roaming\Kodi\My_Builds
[2024-07-15 18:47:24] [Path Check] Started
[2024-07-15 18:47:24] [Path Check] Good!
[2024-07-15 18:47:24] [First Run] Skipping Save Data Settings
[2024-07-15 18:47:25] URL is not of a valid schema: http://
[2024-07-15 18:47:25] [Current Build Check] Build Installed: 
[2024-07-15 18:47:25] [Build Update Check] Next Check: 2019-01-01 00:00:00
[2024-07-15 18:47:25] [Auto Install Repo] Not Enabled
[2024-07-15 18:47:25] [Binary Detection] Eligible Binary Addons to Reinstall
[2024-07-15 18:47:25] [Auto Update Wizard] Started
[2024-07-15 18:47:25] URL is not of a valid schema: http://
[2024-07-15 18:47:25] [Auto Update Wizard] Url for wizard file not valid: http://
[2024-07-15 18:47:25] URL is not of a valid schema: http://
[2024-07-15 18:47:25] [Notifications] Notifications file at http:// not formatted correctly.
[2024-07-15 18:47:25] [Build Installed Check] Not Enabled
[2024-07-15 18:47:25] [Trakt Data] Not Enabled
[2024-07-15 18:47:25] [Debrid Data] Not Enabled
[2024-07-15 18:47:25] [Login Info] Not Enabled
[2024-07-15 18:47:25] [Auto Clean Up] Not Enabled
[2024-07-15 18:47:55] plugin://plugin.program.openwizard/: 
[2024-07-15 18:47:55] URL is not of a valid schema: http://
[2024-07-15 18:47:55] URL is not of a valid schema: http://
[2024-07-15 18:47:55] URL is not of a valid schema: http://
[2024-07-15 18:47:58] plugin://plugin.program.openwizard/: [ mode: maint ] 
[2024-07-15 18:48:01] plugin://plugin.program.openwizard/: [ mode: maint ] [ name: backup ] 
[2024-07-15 18:48:13] plugin://plugin.program.openwizard/: [ mode: settings ] [ name: Maintenance ] 
[2024-07-15 18:48:17] plugin://plugin.program.openwizard/: [ mode: settings ] [ name: Maintenance ] 
[2024-07-15 18:48:29] plugin://plugin.program.openwizard/: [ mode: backup ] [ action: build ] 
[2024-07-15 18:48:56] [Convert Paths to Special] Complete
[2024-07-15 18:48:56] Checking inputstream.adaptive for platform-dependence...
[2024-07-15 18:48:56] Checking C:\Users\Fatal\AppData\Roaming\Kodi\addons\inputstream.adaptive\addon.xml
[2024-07-15 18:48:56] Checking metadata.album.universal for platform-dependence...
[2024-07-15 18:48:56] Checking metadata.artists.universal for platform-dependence...
[2024-07-15 18:48:56] Checking metadata.common.fanart.tv for platform-dependence...
[2024-07-15 18:48:56] Checking metadata.generic.albums for platform-dependence...
[2024-07-15 18:48:56] Checking C:\Users\Fatal\AppData\Roaming\Kodi\addons\metadata.generic.albums\addon.xml
[2024-07-15 18:48:56] Checking metadata.themoviedb.org.python for platform-dependence...
[2024-07-15 18:48:56] Checking C:\Users\Fatal\AppData\Roaming\Kodi\addons\metadata.themoviedb.org.python\addon.xml
[2024-07-15 18:48:56] Checking metadata.tvshows.themoviedb.org.python for platform-dependence...
[2024-07-15 18:48:56] Checking C:\Users\Fatal\AppData\Roaming\Kodi\addons\metadata.tvshows.themoviedb.org.python\addon.xml
[2024-07-15 18:48:56] Checking plugin.program.openwizard for platform-dependence...
[2024-07-15 18:48:56] Checking plugin.video.alfa for platform-dependence...
[2024-07-15 18:48:56] Checking C:\Users\Fatal\AppData\Roaming\Kodi\addons\plugin.video.alfa\addon.xml
[2024-07-15 18:48:56] Checking plugin.video.daddylive for platform-dependence...
[2024-07-15 18:48:56] Checking C:\Users\Fatal\AppData\Roaming\Kodi\addons\plugin.video.daddylive\addon.xml
[2024-07-15 18:48:56] Checking plugin.video.thecrew for platform-dependence...
[2024-07-15 18:48:56] Checking C:\Users\Fatal\AppData\Roaming\Kodi\addons\plugin.video.thecrew\addon.xml
[2024-07-15 18:48:56] Checking plugin.video.youtube for platform-dependence...
[2024-07-15 18:48:56] Checking C:\Users\Fatal\AppData\Roaming\Kodi\addons\plugin.video.youtube\addon.xml
[2024-07-15 18:48:56] Checking repository.alfa-addon for platform-dependence...
[2024-07-15 18:48:56] Checking C:\Users\Fatal\AppData\Roaming\Kodi\addons\repository.alfa-addon\addon.xml
[2024-07-15 18:48:56] Checking repository.dontpanic for platform-dependence...
[2024-07-15 18:48:56] Checking C:\Users\Fatal\AppData\Roaming\Kodi\addons\repository.dontpanic\addon.xml
[2024-07-15 18:48:56] Checking repository.github for platform-dependence...
[2024-07-15 18:48:56] Checking C:\Users\Fatal\AppData\Roaming\Kodi\addons\repository.github\addon.xml
[2024-07-15 18:48:56] Checking repository.openwizard for platform-dependence...
[2024-07-15 18:48:56] Checking repository.stva for platform-dependence...
[2024-07-15 18:48:56] Checking C:\Users\Fatal\AppData\Roaming\Kodi\addons\repository.stva\addon.xml
[2024-07-15 18:48:56] Checking repository.thecrew for platform-dependence...
[2024-07-15 18:48:56] Checking C:\Users\Fatal\AppData\Roaming\Kodi\addons\repository.thecrew\addon.xml
[2024-07-15 18:48:56] Checking resource.language.es_es for platform-dependence...
[2024-07-15 18:48:56] Checking C:\Users\Fatal\AppData\Roaming\Kodi\addons\resource.language.es_es\addon.xml
[2024-07-15 18:48:56] Checking resource.uisounds.amber for platform-dependence...
[2024-07-15 18:48:56] Checking C:\Users\Fatal\AppData\Roaming\Kodi\addons\resource.uisounds.amber\addon.xml
[2024-07-15 18:48:56] Checking script.favourites for platform-dependence...
[2024-07-15 18:48:56] Checking C:\Users\Fatal\AppData\Roaming\Kodi\addons\script.favourites\addon.xml
[2024-07-15 18:48:56] Checking script.module.addon.signals for platform-dependence...
[2024-07-15 18:48:56] Checking C:\Users\Fatal\AppData\Roaming\Kodi\addons\script.module.addon.signals\addon.xml
[2024-07-15 18:48:56] Checking script.module.backports.zoneinfo for platform-dependence...
[2024-07-15 18:48:56] Checking C:\Users\Fatal\AppData\Roaming\Kodi\addons\script.module.backports.zoneinfo\addon.xml
[2024-07-15 18:48:56] Checking script.module.beautifulsoup4 for platform-dependence...
[2024-07-15 18:48:56] Checking C:\Users\Fatal\AppData\Roaming\Kodi\addons\script.module.beautifulsoup4\addon.xml
[2024-07-15 18:48:56] Checking script.module.brotlipython for platform-dependence...
[2024-07-15 18:48:56] Checking C:\Users\Fatal\AppData\Roaming\Kodi\addons\script.module.brotlipython\addon.xml
[2024-07-15 18:48:56] Checking script.module.certifi for platform-dependence...
[2024-07-15 18:48:56] Checking C:\Users\Fatal\AppData\Roaming\Kodi\addons\script.module.certifi\addon.xml
[2024-07-15 18:48:56] Checking script.module.chardet for platform-dependence...
[2024-07-15 18:48:56] Checking C:\Users\Fatal\AppData\Roaming\Kodi\addons\script.module.chardet\addon.xml
[2024-07-15 18:48:56] Checking script.module.horus for platform-dependence...
[2024-07-15 18:48:56] Checking C:\Users\Fatal\AppData\Roaming\Kodi\addons\script.module.horus\addon.xml
[2024-07-15 18:48:56] Checking script.module.html5lib for platform-dependence...
[2024-07-15 18:48:56] Checking C:\Users\Fatal\AppData\Roaming\Kodi\addons\script.module.html5lib\addon.xml
[2024-07-15 18:48:56] Checking script.module.idna for platform-dependence...
[2024-07-15 18:48:56] Checking C:\Users\Fatal\AppData\Roaming\Kodi\addons\script.module.idna\addon.xml
[2024-07-15 18:48:56] Checking script.module.inputstreamhelper for platform-dependence...
[2024-07-15 18:48:56] Checking C:\Users\Fatal\AppData\Roaming\Kodi\addons\script.module.inputstreamhelper\addon.xml
[2024-07-15 18:48:56] Checking script.module.js2py for platform-dependence...
[2024-07-15 18:48:56] Checking C:\Users\Fatal\AppData\Roaming\Kodi\addons\script.module.js2py\addon.xml
[2024-07-15 18:48:56] Checking script.module.kodi-six for platform-dependence...
[2024-07-15 18:48:56] Checking C:\Users\Fatal\AppData\Roaming\Kodi\addons\script.module.kodi-six\addon.xml
[2024-07-15 18:48:56] Checking script.module.pyaes for platform-dependence...
[2024-07-15 18:48:56] Checking C:\Users\Fatal\AppData\Roaming\Kodi\addons\script.module.pyaes\addon.xml
[2024-07-15 18:48:56] Checking script.module.pyjsparser for platform-dependence...
[2024-07-15 18:48:56] Checking C:\Users\Fatal\AppData\Roaming\Kodi\addons\script.module.pyjsparser\addon.xml
[2024-07-15 18:48:56] Checking script.module.requests-toolbelt for platform-dependence...
[2024-07-15 18:48:56] Checking C:\Users\Fatal\AppData\Roaming\Kodi\addons\script.module.requests-toolbelt\addon.xml
[2024-07-15 18:48:56] Checking script.module.requests for platform-dependence...
[2024-07-15 18:48:56] Checking C:\Users\Fatal\AppData\Roaming\Kodi\addons\script.module.requests\addon.xml
[2024-07-15 18:48:56] Checking script.module.resolveurl for platform-dependence...
[2024-07-15 18:48:56] Checking C:\Users\Fatal\AppData\Roaming\Kodi\addons\script.module.resolveurl\addon.xml
[2024-07-15 18:48:56] Checking script.module.rijndael for platform-dependence...
[2024-07-15 18:48:56] Checking C:\Users\Fatal\AppData\Roaming\Kodi\addons\script.module.rijndael\addon.xml
[2024-07-15 18:48:56] Checking script.module.simpleeval for platform-dependence...
[2024-07-15 18:48:56] Checking C:\Users\Fatal\AppData\Roaming\Kodi\addons\script.module.simpleeval\addon.xml
[2024-07-15 18:48:56] Checking script.module.simplejson for platform-dependence...
[2024-07-15 18:48:56] Checking C:\Users\Fatal\AppData\Roaming\Kodi\addons\script.module.simplejson\addon.xml
[2024-07-15 18:48:56] Checking script.module.six for platform-dependence...
[2024-07-15 18:48:56] Checking C:\Users\Fatal\AppData\Roaming\Kodi\addons\script.module.six\addon.xml
[2024-07-15 18:48:56] Checking script.module.soupsieve for platform-dependence...
[2024-07-15 18:48:56] Checking C:\Users\Fatal\AppData\Roaming\Kodi\addons\script.module.soupsieve\addon.xml
[2024-07-15 18:48:56] Checking script.module.thecrew for platform-dependence...
[2024-07-15 18:48:56] Checking C:\Users\Fatal\AppData\Roaming\Kodi\addons\script.module.thecrew\addon.xml
[2024-07-15 18:48:56] Checking script.module.tzdata for platform-dependence...
[2024-07-15 18:48:56] Checking C:\Users\Fatal\AppData\Roaming\Kodi\addons\script.module.tzdata\addon.xml
[2024-07-15 18:48:56] Checking script.module.tzlocal for platform-dependence...
[2024-07-15 18:48:56] Checking C:\Users\Fatal\AppData\Roaming\Kodi\addons\script.module.tzlocal\addon.xml
[2024-07-15 18:48:56] Checking script.module.unidecode for platform-dependence...
[2024-07-15 18:48:56] Checking C:\Users\Fatal\AppData\Roaming\Kodi\addons\script.module.unidecode\addon.xml
[2024-07-15 18:48:56] Checking script.module.urllib3 for platform-dependence...
[2024-07-15 18:48:56] Checking C:\Users\Fatal\AppData\Roaming\Kodi\addons\script.module.urllib3\addon.xml
[2024-07-15 18:48:56] Checking script.module.webencodings for platform-dependence...
[2024-07-15 18:48:56] Checking C:\Users\Fatal\AppData\Roaming\Kodi\addons\script.module.webencodings\addon.xml
[2024-07-15 18:48:56] Checking script.module.youtube.dl for platform-dependence...
[2024-07-15 18:48:56] Checking C:\Users\Fatal\AppData\Roaming\Kodi\addons\script.module.youtube.dl\addon.xml
[2024-07-15 18:48:56] Checking script.skin.helper.colorpicker for platform-dependence...
[2024-07-15 18:48:56] Checking C:\Users\Fatal\AppData\Roaming\Kodi\addons\script.skin.helper.colorpicker\addon.xml
[2024-07-15 18:48:56] Checking script.skinshortcuts for platform-dependence...
[2024-07-15 18:48:56] Checking C:\Users\Fatal\AppData\Roaming\Kodi\addons\script.skinshortcuts\addon.xml
[2024-07-15 18:48:56] Checking script.thecrew.artwork for platform-dependence...
[2024-07-15 18:48:56] Checking C:\Users\Fatal\AppData\Roaming\Kodi\addons\script.thecrew.artwork\addon.xml
[2024-07-15 18:48:56] Checking service.xbmc.versioncheck for platform-dependence...
[2024-07-15 18:48:56] Checking skin.amber for platform-dependence...
[2024-07-15 18:48:56] Checking C:\Users\Fatal\AppData\Roaming\Kodi\addons\skin.amber\addon.xml
[2024-07-15 18:48:56] Checking temp for platform-dependence...
[2024-07-15 18:48:56] [Back Up] Type = build: Ignore kodi.log - Log File
[2024-07-15 18:48:56] [Back Up] Type = build: Ignore addon.xml - Binary Add-on
[2024-07-15 18:48:56] [Back Up] Type = build: Ignore changelog.txt - Binary Add-on
[2024-07-15 18:48:56] [Back Up] Type = build: Ignore fanart.jpg - Binary Add-on
[2024-07-15 18:48:56] [Back Up] Type = build: Ignore icon.png - Binary Add-on
[2024-07-15 18:48:56] [Back Up] Type = build: Ignore inputstream.adaptive.dll - Binary Add-on
[2024-07-15 18:48:56] [Back Up] Type = build: Ignore settings.xml - Binary Add-on
[2024-07-15 18:48:56] [Back Up] Type = build: Ignore strings.po - Binary Add-on
[2024-07-15 18:48:56] [Back Up] Type = build: Ignore strings.po - Binary Add-on
[2024-07-15 18:48:56] [Back Up] Type = build: Ignore strings.po - Binary Add-on
[2024-07-15 18:48:56] [Back Up] Type = build: Ignore strings.po - Binary Add-on
[2024-07-15 18:48:56] [Back Up] Type = build: Ignore strings.po - Binary Add-on
[2024-07-15 18:48:56] [Back Up] Type = build: Ignore strings.po - Binary Add-on
[2024-07-15 18:48:56] [Back Up] Type = build: Ignore strings.po - Binary Add-on
[2024-07-15 18:48:56] [Back Up] Type = build: Ignore strings.po - Binary Add-on
[2024-07-15 18:48:56] [Back Up] Type = build: Ignore strings.po - Binary Add-on
[2024-07-15 18:48:56] [Back Up] Type = build: Ignore strings.po - Binary Add-on
[2024-07-15 18:48:56] [Back Up] Type = build: Ignore strings.po - Binary Add-on
[2024-07-15 18:48:56] [Back Up] Type = build: Ignore strings.po - Binary Add-on
[2024-07-15 18:48:56] [Back Up] Type = build: Ignore strings.po - Binary Add-on
[2024-07-15 18:48:56] [Back Up] Type = build: Ignore strings.po - Binary Add-on
[2024-07-15 18:48:56] [Back Up] Type = build: Ignore strings.po - Binary Add-on
[2024-07-15 18:48:56] [Back Up] Type = build: Ignore strings.po - Binary Add-on
[2024-07-15 18:48:56] [Back Up] Type = build: Ignore strings.po - Binary Add-on
[2024-07-15 18:48:56] [Back Up] Type = build: Ignore strings.po - Binary Add-on
[2024-07-15 18:48:56] [Back Up] Type = build: Ignore strings.po - Binary Add-on
[2024-07-15 18:48:56] [Back Up] Type = build: Ignore strings.po - Binary Add-on
[2024-07-15 18:48:56] [Back Up] Type = build: Ignore strings.po - Binary Add-on
[2024-07-15 18:48:56] [Back Up] Type = build: Ignore strings.po - Binary Add-on
[2024-07-15 18:48:56] [Back Up] Type = build: Ignore strings.po - Binary Add-on
[2024-07-15 18:48:56] [Back Up] Type = build: Ignore strings.po - Binary Add-on
[2024-07-15 18:48:56] [Back Up] Type = build: Ignore strings.po - Binary Add-on
[2024-07-15 18:48:56] [Back Up] Type = build: Ignore strings.po - Binary Add-on
[2024-07-15 18:48:56] [Back Up] Type = build: Ignore strings.po - Binary Add-on
[2024-07-15 18:48:56] [Back Up] Type = build: Ignore strings.po - Binary Add-on
[2024-07-15 18:48:56] [Back Up] Type = build: Ignore strings.po - Binary Add-on
[2024-07-15 18:48:56] [Back Up] Type = build: Ignore strings.po - Binary Add-on
[2024-07-15 18:48:56] [Back Up] Type = build: Ignore strings.po - Binary Add-on
[2024-07-15 18:48:56] [Back Up] Type = build: Ignore strings.po - Binary Add-on
[2024-07-15 18:48:56] [Back Up] Type = build: Ignore strings.po - Binary Add-on
[2024-07-15 18:48:56] [Back Up] Type = build: Ignore strings.po - Binary Add-on
[2024-07-15 18:48:56] [Back Up] Type = build: Ignore strings.po - Binary Add-on
[2024-07-15 18:48:56] [Back Up] Type = build: Ignore strings.po - Binary Add-on
[2024-07-15 18:48:56] [Back Up] Type = build: Ignore strings.po - Binary Add-on
[2024-07-15 18:48:56] [Back Up] Type = build: Ignore strings.po - Binary Add-on
[2024-07-15 18:48:56] [Back Up] Type = build: Ignore strings.po - Binary Add-on
[2024-07-15 18:48:56] [Back Up] Type = build: Ignore strings.po - Binary Add-on
[2024-07-15 18:48:56] [Back Up] Type = build: Ignore strings.po - Binary Add-on
[2024-07-15 18:48:56] [Back Up] Type = build: Ignore strings.po - Binary Add-on
[2024-07-15 18:48:56] [Back Up] Type = build: Ignore strings.po - Binary Add-on
[2024-07-15 18:48:56] [Back Up] Type = build: Ignore strings.po - Binary Add-on
[2024-07-15 18:48:56] [Back Up] Type = build: Ignore strings.po - Binary Add-on
[2024-07-15 18:48:56] [Back Up] Type = build: Ignore strings.po - Binary Add-on
[2024-07-15 18:48:56] [Back Up] Type = build: Ignore strings.po - Binary Add-on
[2024-07-15 18:48:56] [Back Up] Type = build: Ignore strings.po - Binary Add-on
[2024-07-15 18:48:56] [Back Up] Type = build: Ignore strings.po - Binary Add-on
[2024-07-15 18:48:56] [Back Up] Type = build: Ignore strings.po - Binary Add-on
[2024-07-15 18:48:56] [Back Up] Type = build: Ignore strings.po - Binary Add-on
[2024-07-15 18:48:56] [Back Up] Type = build: Ignore strings.po - Binary Add-on
[2024-07-15 18:48:56] [Back Up] Type = build: Ignore strings.po - Binary Add-on
[2024-07-15 18:48:56] [Back Up] Type = build: Ignore strings.po - Binary Add-on
[2024-07-15 18:48:56] [Back Up] Type = build: Ignore strings.po - Binary Add-on
[2024-07-15 18:48:56] [Back Up] Type = build: Ignore strings.po - Binary Add-on
[2024-07-15 18:48:56] [Back Up] Type = build: Ignore strings.po - Binary Add-on
[2024-07-15 18:48:56] [Back Up] Type = build: Ignore strings.po - Binary Add-on
[2024-07-15 18:48:56] [Back Up] Type = build: Ignore strings.po - Binary Add-on
[2024-07-15 18:48:56] [Back Up] Type = build: Ignore strings.po - Binary Add-on
[2024-07-15 18:48:56] [Back Up] Type = build: Ignore strings.po - Binary Add-on
[2024-07-15 18:48:56] [Back Up] Type = build: Ignore strings.po - Binary Add-on
[2024-07-15 18:48:56] [Back Up] Type = build: Ignore strings.po - Binary Add-on
[2024-07-15 18:48:56] [Back Up] Type = build: Ignore strings.po - Binary Add-on
[2024-07-15 18:48:56] [Back Up] Type = build: Ignore strings.po - Binary Add-on
[2024-07-15 18:48:56] [Back Up] Type = build: Ignore strings.po - Binary Add-on
[2024-07-15 18:48:56] [Back Up] Type = build: Ignore strings.po - Binary Add-on
[2024-07-15 18:48:56] [Back Up] Type = build: Ignore strings.po - Binary Add-on
[2024-07-15 18:48:56] [Back Up] Type = build: Ignore strings.po - Binary Add-on
[2024-07-15 18:48:56] [Back Up] Type = build: Ignore strings.po - Binary Add-on
[2024-07-15 18:48:56] [Back Up] Type = build: Ignore strings.po - Binary Add-on
[2024-07-15 18:48:56] [Back Up] Type = build: Ignore strings.po - Binary Add-on
[2024-07-15 18:48:56] [Back Up] Type = build: Ignore strings.po - Binary Add-on
[2024-07-15 18:48:56] [Back Up] Type = build: Ignore strings.po - Binary Add-on
